{"level":"info","message":"Server running on port 5000","service":"fintech-service","timestamp":"2026-06-25T07:27:21.151Z"}
{"level":"info","message":"Server running on port 5000","service":"fintech-service","timestamp":"2026-06-25T07:28:38.291Z"}
{"level":"info","message":"MongoDB connected successfully","service":"fintech-service","timestamp":"2026-06-25T07:28:40.731Z"}
{"level":"info","message":{"method":"GET","url":"/health"},"service":"fintech-service","timestamp":"2026-06-25T07:31:50.162Z"}
{"level":"info","message":"Server running on port 5000","service":"fintech-service","timestamp":"2026-06-25T07:37:08.315Z"}
{"level":"info","message":"MongoDB connected successfully","service":"fintech-service","timestamp":"2026-06-25T07:37:10.389Z"}
{"level":"info","message":{"method":"GET","url":"/health"},"service":"fintech-service","timestamp":"2026-06-25T07:37:12.099Z"}
{"level":"info","message":"Server running on port 5000","service":"fintech-service","timestamp":"2026-06-25T07:37:41.524Z"}
{"level":"info","message":"MongoDB connected successfully","service":"fintech-service","timestamp":"2026-06-25T07:37:43.643Z"}
{"level":"info","message":{"method":"GET","url":"/health"},"service":"fintech-service","timestamp":"2026-06-25T07:37:43.869Z"}
{"level":"info","message":"Server running on port 5000","service":"fintech-service","timestamp":"2026-06-25T07:38:05.718Z"}
{"level":"info","message":"MongoDB connected successfully","service":"fintech-service","timestamp":"2026-06-25T07:38:07.299Z"}
{"level":"info","message":{"method":"GET","url":"/health"},"service":"fintech-service","timestamp":"2026-06-25T07:38:08.453Z"}
{"level":"info","message":"Server running on port 5000","service":"fintech-service","timestamp":"2026-06-25T07:42:07.821Z"}
{"level":"info","message":"MongoDB connected successfully","service":"fintech-service","timestamp":"2026-06-25T07:42:10.277Z"}
{"level":"info","message":{"method":"GET","url":"/health"},"service":"fintech-service","timestamp":"2026-06-25T07:42:11.858Z"}
{"level":"info","message":"Server running on port 5000","service":"fintech-service","timestamp":"2026-06-25T07:42:27.417Z"}
{"level":"info","message":"MongoDB connected successfully","service":"fintech-service","timestamp":"2026-06-25T07:42:29.058Z"}
{"level":"info","message":{"method":"GET","url":"/health"},"service":"fintech-service","timestamp":"2026-06-25T07:42:31.718Z"}
{"level":"info","message":{"method":"GET","url":"/health"},"service":"fintech-service","timestamp":"2026-06-25T07:42:35.281Z"}
{"level":"info","message":"Server running on port 5000","service":"fintech-service","timestamp":"2026-06-25T07:42:51.362Z"}
{"level":"info","message":"MongoDB connected successfully","service":"fintech-service","timestamp":"2026-06-25T07:42:53.020Z"}
{"level":"info","message":{"method":"GET","url":"/health"},"service":"fintech-service","timestamp":"2026-06-25T07:42:56.549Z"}
{"level":"info","message":"Server running on port 5000","service":"fintech-service","timestamp":"2026-06-25T07:43:21.917Z"}
{"level":"info","message":"MongoDB connected successfully","service":"fintech-service","timestamp":"2026-06-25T07:43:24.021Z"}
{"level":"info","message":"Server running on port 5000","service":"fintech-service","timestamp":"2026-06-25T07:44:31.621Z"}
{"level":"info","message":"MongoDB connected successfully","service":"fintech-service","timestamp":"2026-06-25T07:44:33.940Z"}
{"level":"info","message":"Received GET request to /health","service":"fintech-service","timestamp":"2026-06-25T07:44:40.614Z"}
{"level":"info","message":"Request body: [object Object]","service":"fintech-service","timestamp":"2026-06-25T07:44:40.615Z"}
{"level":"info","message":"Server running on port 5000","service":"fintech-service","timestamp":"2026-06-25T07:54:53.028Z"}
{"level":"info","message":"MongoDB connected successfully","service":"fintech-service","timestamp":"2026-06-25T07:54:55.585Z"}
{"level":"info","message":"Server running on port 5000","service":"fintech-service","timestamp":"2026-06-25T07:55:19.488Z"}
{"level":"info","message":"MongoDB connected successfully","service":"fintech-service","timestamp":"2026-06-25T07:55:21.168Z"}
{"level":"info","message":"Server running on port 5000","service":"fintech-service","timestamp":"2026-06-25T07:55:38.704Z"}
{"level":"info","message":"MongoDB connected successfully","service":"fintech-service","timestamp":"2026-06-25T07:55:40.602Z"}
{"level":"info","message":"Server running on port 5000","service":"fintech-service","timestamp":"2026-06-25T07:56:00.662Z"}
{"level":"info","message":"MongoDB connected successfully","service":"fintech-service","timestamp":"2026-06-25T07:56:02.698Z"}
{"level":"info","message":"Server running on port 5000","service":"fintech-service","timestamp":"2026-06-25T07:56:25.271Z"}
{"level":"info","message":"MongoDB connected successfully","service":"fintech-service","timestamp":"2026-06-25T07:56:27.006Z"}
{"level":"info","message":"Server running on port 5000","service":"fintech-service","timestamp":"2026-06-25T07:56:41.594Z"}
{"level":"info","message":"MongoDB connected successfully","service":"fintech-service","timestamp":"2026-06-25T07:56:43.259Z"}
{"level":"info","message":"Server running on port 5000","service":"fintech-service","timestamp":"2026-06-25T07:56:55.341Z"}
{"level":"info","message":"MongoDB connected successfully","service":"fintech-service","timestamp":"2026-06-25T07:56:57.200Z"}
{"level":"info","message":"Server running on port 5000","service":"fintech-service","timestamp":"2026-06-25T07:57:28.461Z"}
{"level":"info","message":"MongoDB connected successfully","service":"fintech-service","timestamp":"2026-06-25T07:57:30.279Z"}
{"level":"info","message":"Server running on port 5000","service":"fintech-service","timestamp":"2026-06-25T08:00:08.502Z"}
{"level":"info","message":"MongoDB connected successfully","service":"fintech-service","timestamp":"2026-06-25T08:00:10.724Z"}
{"level":"info","message":"Server running on port 5000","service":"fintech-service","timestamp":"2026-06-25T08:06:18.398Z"}
{"level":"info","message":"MongoDB connected successfully","service":"fintech-service","timestamp":"2026-06-25T08:06:20.737Z"}
{"level":"info","message":"Server running on port 5000","service":"fintech-service","timestamp":"2026-06-25T08:31:19.931Z"}
{"level":"info","message":"Server running on port 5000","service":"fintech-service","timestamp":"2026-06-25T08:33:11.163Z"}
{"level":"info","message":"MongoDB connected successfully","service":"fintech-service","timestamp":"2026-06-25T08:33:13.283Z"}
{"level":"info","message":"Server running on port 5000","service":"fintech-service","timestamp":"2026-06-25T08:56:34.952Z"}
{"level":"info","message":"MongoDB connected successfully","service":"fintech-service","timestamp":"2026-06-25T08:56:37.408Z"}
{"level":"info","message":"Server running on port 5000","service":"fintech-service","timestamp":"2026-06-25T08:58:39.818Z"}
{"level":"info","message":"MongoDB connected successfully","service":"fintech-service","timestamp":"2026-06-25T08:58:42.745Z"}
{"level":"info","message":"Server running on port 5000","service":"fintech-service","timestamp":"2026-06-25T08:59:28.634Z"}
{"level":"info","message":"MongoDB connected successfully","service":"fintech-service","timestamp":"2026-06-25T08:59:31.800Z"}
{"level":"info","message":"Server running on port 5000","service":"fintech-service","timestamp":"2026-06-25T09:00:37.442Z"}
{"level":"info","message":"MongoDB connected successfully","service":"fintech-service","timestamp":"2026-06-25T09:00:39.380Z"}
{"level":"info","message":"Server running on port 5000","service":"fintech-service","timestamp":"2026-06-25T09:00:54.278Z"}
{"level":"info","message":"MongoDB connected successfully","service":"fintech-service","timestamp":"2026-06-25T09:00:56.893Z"}
{"level":"info","message":"Server running on port 5000","service":"fintech-service","timestamp":"2026-06-25T09:02:16.475Z"}
{"level":"info","message":"Server running on port 5000","service":"fintech-service","timestamp":"2026-06-25T09:02:35.449Z"}
{"level":"info","message":"MongoDB connected successfully","service":"fintech-service","timestamp":"2026-06-25T09:02:38.579Z"}
{"level":"info","message":"Server running on port 5000","service":"fintech-service","timestamp":"2026-06-25T09:08:39.463Z"}
{"level":"info","message":"MongoDB connected successfully","service":"fintech-service","timestamp":"2026-06-25T09:08:42.358Z"}
{"level":"info","message":"Server running on port 5000","service":"fintech-service","timestamp":"2026-06-25T09:23:35.472Z"}
{"level":"info","message":"MongoDB connected successfully","service":"fintech-service","timestamp":"2026-06-25T09:23:38.093Z"}
{"level":"info","message":"Server running on port 5000","service":"fintech-service","timestamp":"2026-06-25T09:25:20.568Z"}
{"level":"info","message":"Server running on port 5000","service":"fintech-service","timestamp":"2026-06-25T09:25:29.068Z"}
{"level":"info","message":"MongoDB connected successfully","service":"fintech-service","timestamp":"2026-06-25T09:25:31.208Z"}
{"level":"info","message":"Server running on port 5000","service":"fintech-service","timestamp":"2026-06-25T09:38:44.013Z"}
{"level":"info","message":"MongoDB connected successfully","service":"fintech-service","timestamp":"2026-06-25T09:38:46.543Z"}
{"level":"info","message":"Received POST request to /api/v1/users","service":"fintech-service","timestamp":"2026-06-25T09:40:19.532Z"}
{"level":"info","message":"Request body: [object Object]","service":"fintech-service","timestamp":"2026-06-25T09:40:19.532Z"}
{"level":"error","message":"User.findOne is not a function","service":"fintech-service","stack":"TypeError: User.findOne is not a function\n    at UserRepository.findByPhoneNumber (C:\\Users\\user\\Documents\\Codes\\SailCash\\src\\modules\\user\\repository\\user.repository.js:9:19)\n    at UserService.createUser (C:\\Users\\user\\Documents\\Codes\\SailCash\\src\\modules\\user\\service\\user.service.js:7:49)\n    at exports.createUser (C:\\Users\\user\\Documents\\Codes\\SailCash\\src\\modules\\user\\controller\\user.controller.js:8:38)\n    at Layer.handleRequest (C:\\Users\\user\\Documents\\Codes\\SailCash\\node_modules\\router\\lib\\layer.js:152:17)\n    at next (C:\\Users\\user\\Documents\\Codes\\SailCash\\node_modules\\router\\lib\\route.js:157:13)\n    at exports.validateCreateUser (C:\\Users\\user\\Documents\\Codes\\SailCash\\src\\modules\\user\\validator\\user.validator.js:11:4)\n    at Layer.handleRequest (C:\\Users\\user\\Documents\\Codes\\SailCash\\node_modules\\router\\lib\\layer.js:152:17)\n    at next (C:\\Users\\user\\Documents\\Codes\\SailCash\\node_modules\\router\\lib\\route.js:157:13)\n    at Route.dispatch (C:\\Users\\user\\Documents\\Codes\\SailCash\\node_modules\\router\\lib\\route.js:117:3)\n    at handle (C:\\Users\\user\\Documents\\Codes\\SailCash\\node_modules\\router\\index.js:435:11)","timestamp":"2026-06-25T09:40:19.534Z"}
{"level":"info","message":"Server running on port 5000","service":"fintech-service","timestamp":"2026-06-25T09:43:22.745Z"}
{"level":"info","message":"MongoDB connected successfully","service":"fintech-service","timestamp":"2026-06-25T09:43:25.189Z"}
{"level":"info","message":"Server running on port 5000","service":"fintech-service","timestamp":"2026-06-25T09:43:44.266Z"}
{"level":"info","message":"MongoDB connected successfully","service":"fintech-service","timestamp":"2026-06-25T09:43:45.894Z"}
{"level":"info","message":"Received POST request to /api/v1/users","service":"fintech-service","timestamp":"2026-06-25T09:44:03.671Z"}
{"level":"info","message":"Request body: [object Object]","service":"fintech-service","timestamp":"2026-06-25T09:44:03.672Z"}
{"level":"info","message":"Received GET request to /api/v1/users/+2348012345678","service":"fintech-service","timestamp":"2026-06-25T09:45:02.816Z"}
{"level":"info","message":"Request body: [object Object]","service":"fintech-service","timestamp":"2026-06-25T09:45:02.817Z"}
{"level":"info","message":"Server running on port 5000","service":"fintech-service","timestamp":"2026-06-25T09:46:30.890Z"}
{"level":"info","message":"MongoDB connected successfully","service":"fintech-service","timestamp":"2026-06-25T09:46:33.115Z"}
{"level":"info","message":"Server running on port 5000","service":"fintech-service","timestamp":"2026-06-25T09:47:03.243Z"}
{"level":"info","message":"MongoDB connected successfully","service":"fintech-service","timestamp":"2026-06-25T09:47:04.687Z"}
{"level":"info","message":"Server running on port 5000","service":"fintech-service","timestamp":"2026-06-25T09:47:25.881Z"}
{"level":"info","message":"MongoDB connected successfully","service":"fintech-service","timestamp":"2026-06-25T09:47:27.290Z"}
{"level":"info","message":"Server running on port 5000","service":"fintech-service","timestamp":"2026-06-25T09:48:05.369Z"}
{"level":"info","message":"MongoDB connected successfully","service":"fintech-service","timestamp":"2026-06-25T09:48:07.140Z"}
{"level":"info","message":"Server running on port 5000","service":"fintech-service","timestamp":"2026-06-25T09:48:19.941Z"}
{"level":"info","message":"MongoDB connected successfully","service":"fintech-service","timestamp":"2026-06-25T09:48:21.415Z"}
{"level":"info","message":"Server running on port 5000","service":"fintech-service","timestamp":"2026-06-25T10:19:54.993Z"}
{"level":"info","message":"MongoDB connected successfully","service":"fintech-service","timestamp":"2026-06-25T10:19:57.430Z"}
{"level":"info","message":"Server running on port 5000","service":"fintech-service","timestamp":"2026-06-25T10:21:04.280Z"}
{"level":"info","message":"MongoDB connected successfully","service":"fintech-service","timestamp":"2026-06-25T10:21:06.351Z"}
{"level":"info","message":"Server running on port 5000","service":"fintech-service","timestamp":"2026-06-25T10:23:56.069Z"}
{"level":"info","message":"MongoDB connected successfully","service":"fintech-service","timestamp":"2026-06-25T10:23:59.560Z"}
{"level":"info","message":"Server running on port 5000","service":"fintech-service","timestamp":"2026-06-25T10:27:17.803Z"}
{"level":"info","message":"MongoDB connected successfully","service":"fintech-service","timestamp":"2026-06-25T10:27:20.056Z"}
{"level":"info","message":"Server running on port 5000","service":"fintech-service","timestamp":"2026-06-25T10:27:37.470Z"}
{"level":"info","message":"MongoDB connected successfully","service":"fintech-service","timestamp":"2026-06-25T10:27:38.985Z"}
{"level":"info","message":"Server running on port 5000","service":"fintech-service","timestamp":"2026-06-25T10:29:09.351Z"}
{"level":"info","message":"MongoDB connected successfully","service":"fintech-service","timestamp":"2026-06-25T10:29:12.630Z"}
{"level":"info","message":"Server running on port 5000","service":"fintech-service","timestamp":"2026-06-25T10:30:39.646Z"}
{"level":"info","message":"MongoDB connected successfully","service":"fintech-service","timestamp":"2026-06-25T10:30:43.790Z"}
{"level":"info","message":"Server running on port 5000","service":"fintech-service","timestamp":"2026-06-25T10:32:22.224Z"}
{"level":"info","message":"Server running on port 5000","service":"fintech-service","timestamp":"2026-06-25T10:32:26.908Z"}
{"level":"info","message":"MongoDB connected successfully","service":"fintech-service","timestamp":"2026-06-25T10:32:30.987Z"}
{"level":"info","message":"Server running on port 5000","service":"fintech-service","timestamp":"2026-06-25T10:44:42.945Z"}
{"level":"info","message":"Server running on port 5000","service":"fintech-service","timestamp":"2026-06-25T10:44:44.282Z"}
{"level":"info","message":"MongoDB connected successfully","service":"fintech-service","timestamp":"2026-06-25T10:44:46.171Z"}
{"level":"info","message":"Server running on port 5000","service":"fintech-service","timestamp":"2026-06-25T10:45:43.531Z"}
{"level":"info","message":"MongoDB connected successfully","service":"fintech-service","timestamp":"2026-06-25T10:45:45.828Z"}
